<?xml version="1.0" encoding="UTF-8"?>
<!-- Generated by org.testng.reporters.JUnitReportReporter -->
<testsuite name="TestCases.SearchEbay" tests="1" time="6.967" ignored="0" failures="0" timestamp="21 Feb 2017 16:22:59 GMT" skipped="0" hostname="Victors-MacBook-Pro.local" errors="0">
  <testcase name="testSearchLaptop" time="6.967" classname="TestCases.SearchEbay"/>
</testsuite> <!-- TestCases.SearchEbay -->
